--2024-04-14 18:04:53--  https://docs.google.com/uc?export=download&id=1o9w51Mo0BW1UGlHpadqdkifXGDWY4Dce
Resolving docs.google.com (docs.google.com)... 64.233.162.194, 2a00:1450:4010:c03::c2
Connecting to docs.google.com (docs.google.com)|64.233.162.194|:443... connected.
HTTP request sent, awaiting response... 303 See Other
Location: https://drive.usercontent.google.com/download?id=1o9w51Mo0BW1UGlHpadqdkifXGDWY4Dce&export=download [following]
--2024-04-14 18:04:53--  https://drive.usercontent.google.com/download?id=1o9w51Mo0BW1UGlHpadqdkifXGDWY4Dce&export=download
Resolving drive.usercontent.google.com (drive.usercontent.google.com)... 64.233.165.132, 2a00:1450:4010:c05::84
Connecting to drive.usercontent.google.com (drive.usercontent.google.com)|64.233.165.132|:443... connected.
HTTP request sent, awaiting response... 200 OK
Length: 36672079 (35M) [application/octet-stream]
Saving to: 'data/Police_Department_Incident_Reports_100k.csv'

     0K .......... .......... .......... .......... ..........  0%  629K 57s
    50K .......... .......... .......... .......... ..........  0% 1.53M 40s
   100K .......... .......... .......... .......... ..........  0% 2.14M 32s
   150K .......... .......... .......... .......... ..........  0% 3.27M 27s
   200K .......... .......... .......... .......... ..........  0% 3.52M 23s
   250K .......... .......... .......... .......... ..........  0% 4.49M 21s
   300K .......... .......... .......... .......... ..........  0% 5.43M 19s
   350K .......... .......... .......... .......... ..........  1% 6.70M 17s
   400K .......... .......... .......... .......... ..........  1% 7.39M 15s
   450K .......... .......... .......... .......... ..........  1% 7.78M 14s
   500K .......... .......... .......... .......... ..........  1% 9.09M 13s
   550K .......... .......... .......... .......... ..........  1% 9.61M 13s
   600K .......... .......... .......... .......... ..........  1% 6.73M 12s
   650K .......... .......... .......... .......... ..........  1% 12.9M 11s
   700K .......... .......... .......... .......... ..........  2% 11.3M 11s
   750K .......... .......... .......... .......... ..........  2% 15.0M 10s
   800K .......... .......... .......... .......... ..........  2% 13.3M 10s
   850K .......... .......... .......... .......... ..........  2% 14.6M 9s
   900K .......... .......... .......... .......... ..........  2% 16.6M 9s
   950K .......... .......... .......... .......... ..........  2% 13.5M 9s
  1000K .......... .......... .......... .......... ..........  2% 18.0M 8s
  1050K .......... .......... .......... .......... ..........  3% 19.7M 8s
  1100K .......... .......... .......... .......... ..........  3% 15.7M 8s
  1150K .......... .......... .......... .......... ..........  3% 23.2M 7s
  1200K .......... .......... .......... .......... ..........  3% 25.3M 7s
  1250K .......... .......... .......... .......... ..........  3% 23.6M 7s
  1300K .......... .......... .......... .......... ..........  3% 26.7M 7s
  1350K .......... .......... .......... .......... ..........  3% 18.7M 7s
  1400K .......... .......... .......... .......... ..........  4% 26.3M 6s
  1450K .......... .......... .......... .......... ..........  4% 20.9M 6s
  1500K .......... .......... .......... .......... ..........  4% 25.4M 6s
  1550K .......... .......... .......... .......... ..........  4% 33.1M 6s
  1600K .......... .......... .......... .......... ..........  4% 22.0M 6s
  1650K .......... .......... .......... .......... ..........  4% 35.9M 6s
  1700K .......... .......... .......... .......... ..........  4% 23.3M 5s
  1750K .......... .......... .......... .......... ..........  5% 46.4M 5s
  1800K .......... .......... .......... .......... ..........  5% 23.8M 5s
  1850K .......... .......... .......... .......... ..........  5% 24.6M 5s
  1900K .......... .......... .......... .......... ..........  5% 51.2M 5s
  1950K .......... .......... .......... .......... ..........  5% 27.2M 5s
  2000K .......... .......... .......... .......... ..........  5% 45.3M 5s
  2050K .......... .......... .......... .......... ..........  5% 27.2M 5s
  2100K .......... .......... .......... .......... ..........  6% 47.9M 5s
  2150K .......... .......... .......... .......... ..........  6% 31.7M 4s
  2200K .......... .......... .......... .......... ..........  6% 53.3M 4s
  2250K .......... .......... .......... .......... ..........  6% 25.3M 4s
  2300K .......... .......... .......... .......... ..........  6% 39.3M 4s
  2350K .......... .......... .......... .......... ..........  6% 63.5M 4s
  2400K .......... .......... .......... .......... ..........  6% 33.3M 4s
  2450K .......... .......... .......... .......... ..........  6% 33.9M 4s
  2500K .......... .......... .......... .......... ..........  7% 52.8M 4s
  2550K .......... .......... .......... .......... ..........  7% 69.9M 4s
  2600K .......... .......... .......... .......... ..........  7% 40.4M 4s
  2650K .......... .......... .......... .......... ..........  7% 38.9M 4s
  2700K .......... .......... .......... .......... ..........  7% 41.3M 4s
  2750K .......... .......... .......... .......... ..........  7% 51.5M 4s
  2800K .......... .......... .......... .......... ..........  7% 84.9M 4s
  2850K .......... .......... .......... .......... ..........  8% 46.9M 3s
  2900K .......... .......... .......... .......... ..........  8% 41.5M 3s
  2950K .......... .......... .......... .......... ..........  8% 49.0M 3s
  3000K .......... .......... .......... .......... ..........  8%  149M 3s
  3050K .......... .......... .......... .......... ..........  8% 43.4M 3s
  3100K .......... .......... .......... .......... ..........  8% 46.5M 3s
  3150K .......... .......... .......... .......... ..........  8% 49.2M 3s
  3200K .......... .......... .......... .......... ..........  9% 45.9M 3s
  3250K .......... .......... .......... .......... ..........  9%  177M 3s
  3300K .......... .......... .......... .......... ..........  9% 51.4M 3s
  3350K .......... .......... .......... .......... ..........  9% 50.8M 3s
  3400K .......... .......... .......... .......... ..........  9% 49.1M 3s
  3450K .......... .......... .......... .......... ..........  9% 48.6M 3s
  3500K .......... .......... .......... .......... ..........  9%  166M 3s
  3550K .......... .......... .......... .......... .......... 10% 54.1M 3s
  3600K .......... .......... .......... .......... .......... 10% 51.0M 3s
  3650K .......... .......... .......... .......... .......... 10% 57.1M 3s
  3700K .......... .......... .......... .......... .......... 10%  197M 3s
  3750K .......... .......... .......... .......... .......... 10% 53.4M 3s
  3800K .......... .......... .......... .......... .......... 10% 50.6M 3s
  3850K .......... .......... .......... .......... .......... 10% 51.8M 3s
  3900K .......... .......... .......... .......... .......... 11% 56.9M 3s
  3950K .......... .......... .......... .......... .......... 11%  130M 3s
  4000K .......... .......... .......... .......... .......... 11% 71.9M 3s
  4050K .......... .......... .......... .......... .......... 11% 37.7M 3s
  4100K .......... .......... .......... .......... .......... 11% 94.7M 2s
  4150K .......... .......... .......... .......... .......... 11% 51.1M 2s
  4200K .......... .......... .......... .......... .......... 11%  120M 2s
  4250K .......... .......... .......... .......... .......... 12% 69.6M 2s
  4300K .......... .......... .......... .......... .......... 12%  104M 2s
  4350K .......... .......... .......... .......... .......... 12% 50.2M 2s
  4400K .......... .......... .......... .......... .......... 12% 84.2M 2s
  4450K .......... .......... .......... .......... .......... 12%  149M 2s
  4500K .......... .......... .......... .......... .......... 12% 50.7M 2s
  4550K .......... .......... .......... .......... .......... 12% 67.5M 2s
  4600K .......... .......... .......... .......... .......... 12% 81.9M 2s
  4650K .......... .......... .......... .......... .......... 13% 41.1M 2s
  4700K .......... .......... .......... .......... .......... 13%  208M 2s
  4750K .......... .......... .......... .......... .......... 13%  138M 2s
  4800K .......... .......... .......... .......... .......... 13% 64.6M 2s
  4850K .......... .......... .......... .......... .......... 13% 83.7M 2s
  4900K .......... .......... .......... .......... .......... 13% 47.5M 2s
  4950K .......... .......... .......... .......... .......... 13%  192M 2s
  5000K .......... .......... .......... .......... .......... 14%  101M 2s
  5050K .......... .......... .......... .......... .......... 14% 62.2M 2s
  5100K .......... .......... .......... .......... .......... 14%  127M 2s
  5150K .......... .......... .......... .......... .......... 14% 89.1M 2s
  5200K .......... .......... .......... .......... .......... 14%  143M 2s
  5250K .......... .......... .......... .......... .......... 14% 62.1M 2s
  5300K .......... .......... .......... .......... .......... 14%  134M 2s
  5350K .......... .......... .......... .......... .......... 15% 81.7M 2s
  5400K .......... .......... .......... .......... .......... 15%  168M 2s
  5450K .......... .......... .......... .......... .......... 15% 79.8M 2s
  5500K .......... .......... .......... .......... .......... 15% 66.4M 2s
  5550K .......... .......... .......... .......... .......... 15%  126M 2s
  5600K .......... .......... .......... .......... .......... 15% 78.4M 2s
  5650K .......... .......... .......... .......... .......... 15% 98.6M 2s
  5700K .......... .......... .......... .......... .......... 16%  150M 2s
  5750K .......... .......... .......... .......... .......... 16%  106M 2s
  5800K .......... .......... .......... .......... .......... 16% 71.9M 2s
  5850K .......... .......... .......... .......... .......... 16% 63.9M 2s
  5900K .......... .......... .......... .......... .......... 16%  119M 2s
  5950K .......... .......... .......... .......... .......... 16% 92.2M 2s
  6000K .......... .......... .......... .......... .......... 16%  190M 2s
  6050K .......... .......... .......... .......... .......... 17% 65.2M 2s
  6100K .......... .......... .......... .......... .......... 17% 47.9M 2s
  6150K .......... .......... .......... .......... .......... 17%  182M 2s
  6200K .......... .......... .......... .......... .......... 17% 37.0M 2s
  6250K .......... .......... .......... .......... .......... 17% 54.8M 2s
  6300K .......... .......... .......... .......... .......... 17% 54.1M 2s
  6350K .......... .......... .......... .......... .......... 17% 62.3M 2s
  6400K .......... .......... .......... .......... .......... 18%  115M 2s
  6450K .......... .......... .......... .......... .......... 18% 48.2M 2s
  6500K .......... .......... .......... .......... .......... 18% 52.4M 2s
  6550K .......... .......... .......... .......... .......... 18% 50.5M 2s
  6600K .......... .......... .......... .......... .......... 18% 60.6M 2s
  6650K .......... .......... .......... .......... .......... 18% 57.3M 2s
  6700K .......... .......... .......... .......... .......... 18%  167M 2s
  6750K .......... .......... .......... .......... .......... 18% 45.4M 2s
  6800K .......... .......... .......... .......... .......... 19% 69.8M 2s
  6850K .......... .......... .......... .......... .......... 19% 56.2M 2s
  6900K .......... .......... .......... .......... .......... 19%  154M 2s
  6950K .......... .......... .......... .......... .......... 19% 42.0M 2s
  7000K .......... .......... .......... .......... .......... 19% 67.2M 1s
  7050K .......... .......... .......... .......... .......... 19% 38.7M 1s
  7100K .......... .......... .......... .......... .......... 19% 95.1M 1s
  7150K .......... .......... .......... .......... .......... 20%  161M 1s
  7200K .......... .......... .......... .......... .......... 20% 55.4M 1s
  7250K .......... .......... .......... .......... .......... 20% 59.8M 1s
  7300K .......... .......... .......... .......... .......... 20% 73.9M 1s
  7350K .......... .......... .......... .......... .......... 20% 34.6M 1s
  7400K .......... .......... .......... .......... .......... 20%  208M 1s
  7450K .......... .......... .......... .......... .......... 20%  121M 1s
  7500K .......... .......... .......... .......... .......... 21% 47.4M 1s
  7550K .......... .......... .......... .......... .......... 21% 71.1M 1s
  7600K .......... .......... .......... .......... .......... 21% 36.2M 1s
  7650K .......... .......... .......... .......... .......... 21%  145M 1s
  7700K .......... .......... .......... .......... .......... 21%  207M 1s
  7750K .......... .......... .......... .......... .......... 21%  163M 1s
  7800K .......... .......... .......... .......... .......... 21%  104M 1s
  7850K .......... .......... .......... .......... .......... 22% 93.0M 1s
  7900K .......... .......... .......... .......... .......... 22%  171M 1s
  7950K .......... .......... .......... .......... .......... 22% 24.9M 1s
  8000K .......... .......... .......... .......... .......... 22%  159M 1s
  8050K .......... .......... .......... .......... .......... 22%  112M 1s
  8100K .......... .......... .......... .......... .......... 22%  139M 1s
  8150K .......... .......... .......... .......... .......... 22%  205M 1s
  8200K .......... .......... .......... .......... .......... 23% 87.5M 1s
  8250K .......... .......... .......... .......... .......... 23%  102M 1s
  8300K .......... .......... .......... .......... .......... 23%  119M 1s
  8350K .......... .......... .......... .......... .......... 23% 69.1M 1s
  8400K .......... .......... .......... .......... .......... 23%  175M 1s
  8450K .......... .......... .......... .......... .......... 23%  132M 1s
  8500K .......... .......... .......... .......... .......... 23% 52.0M 1s
  8550K .......... .......... .......... .......... .......... 24%  159M 1s
  8600K .......... .......... .......... .......... .......... 24%  164M 1s
  8650K .......... .......... .......... .......... .......... 24% 73.9M 1s
  8700K .......... .......... .......... .......... .......... 24% 87.8M 1s
  8750K .......... .......... .......... .......... .......... 24% 78.7M 1s
  8800K .......... .......... .......... .......... .......... 24% 67.1M 1s
  8850K .......... .......... .......... .......... .......... 24%  150M 1s
  8900K .......... .......... .......... .......... .......... 24% 80.8M 1s
  8950K .......... .......... .......... .......... .......... 25%  152M 1s
  9000K .......... .......... .......... .......... .......... 25% 51.6M 1s
  9050K .......... .......... .......... .......... .......... 25% 92.0M 1s
  9100K .......... .......... .......... .......... .......... 25% 60.7M 1s
  9150K .......... .......... .......... .......... .......... 25%  175M 1s
  9200K .......... .......... .......... .......... .......... 25% 38.1M 1s
  9250K .......... .......... .......... .......... .......... 25% 48.7M 1s
  9300K .......... .......... .......... .......... .......... 26% 55.5M 1s
  9350K .......... .......... .......... .......... .......... 26%  160M 1s
  9400K .......... .......... .......... .......... .......... 26% 77.9M 1s
  9450K .......... .......... .......... .......... .......... 26% 38.2M 1s
  9500K .......... .......... .......... .......... .......... 26% 46.2M 1s
  9550K .......... .......... .......... .......... .......... 26% 63.0M 1s
  9600K .......... .......... .......... .......... .......... 26%  171M 1s
  9650K .......... .......... .......... .......... .......... 27% 27.4M 1s
  9700K .......... .......... .......... .......... .......... 27% 91.0M 1s
  9750K .......... .......... .......... .......... .......... 27% 61.8M 1s
  9800K .......... .......... .......... .......... .......... 27% 53.7M 1s
  9850K .......... .......... .......... .......... .......... 27% 92.3M 1s
  9900K .......... .......... .......... .......... .......... 27%  131M 1s
  9950K .......... .......... .......... .......... .......... 27% 47.6M 1s
 10000K .......... .......... .......... .......... .......... 28% 58.4M 1s
 10050K .......... .......... .......... .......... .......... 28% 59.6M 1s
 10100K .......... .......... .......... .......... .......... 28%  174M 1s
 10150K .......... .......... .......... .......... .......... 28% 82.4M 1s
 10200K .......... .......... .......... .......... .......... 28% 46.3M 1s
 10250K .......... .......... .......... .......... .......... 28% 83.6M 1s
 10300K .......... .......... .......... .......... .......... 28% 54.8M 1s
 10350K .......... .......... .......... .......... .......... 29%  150M 1s
 10400K .......... .......... .......... .......... .......... 29% 44.2M 1s
 10450K .......... .......... .......... .......... .......... 29%  102M 1s
 10500K .......... .......... .......... .......... .......... 29% 42.8M 1s
 10550K .......... .......... .......... .......... .......... 29% 57.7M 1s
 10600K .......... .......... .......... .......... .......... 29%  172M 1s
 10650K .......... .......... .......... .......... .......... 29% 42.6M 1s
 10700K .......... .......... .......... .......... .......... 30% 95.0M 1s
 10750K .......... .......... .......... .......... .......... 30%  162M 1s
 10800K .......... .......... .......... .......... .......... 30%  164M 1s
 10850K .......... .......... .......... .......... .......... 30%  161M 1s
 10900K .......... .......... .......... .......... .......... 30% 97.1M 1s
 10950K .......... .......... .......... .......... .......... 30% 23.2M 1s
 11000K .......... .......... .......... .......... .......... 30%  133M 1s
 11050K .......... .......... .......... .......... .......... 30%  157M 1s
 11100K .......... .......... .......... .......... .......... 31%  107M 1s
 11150K .......... .......... .......... .......... .......... 31%  189M 1s
 11200K .......... .......... .......... .......... .......... 31%  157M 1s
 11250K .......... .......... .......... .......... .......... 31% 94.2M 1s
 11300K .......... .......... .......... .......... .......... 31% 72.1M 1s
 11350K .......... .......... .......... .......... .......... 31%  153M 1s
 11400K .......... .......... .......... .......... .......... 31%  142M 1s
 11450K .......... .......... .......... .......... .......... 32%  106M 1s
 11500K .......... .......... .......... .......... .......... 32% 47.4M 1s
 11550K .......... .......... .......... .......... .......... 32%  220M 1s
 11600K .......... .......... .......... .......... .......... 32%  141M 1s
 11650K .......... .......... .......... .......... .......... 32% 94.8M 1s
 11700K .......... .......... .......... .......... .......... 32%  108M 1s
 11750K .......... .......... .......... .......... .......... 32% 67.0M 1s
 11800K .......... .......... .......... .......... .......... 33%  188M 1s
 11850K .......... .......... .......... .......... .......... 33% 49.2M 1s
 11900K .......... .......... .......... .......... .......... 33% 98.2M 1s
 11950K .......... .......... .......... .......... .......... 33% 91.4M 1s
 12000K .......... .......... .......... .......... .......... 33% 68.7M 1s
 12050K .......... .......... .......... .......... .......... 33%  156M 1s
 12100K .......... .......... .......... .......... .......... 33% 91.2M 1s
 12150K .......... .......... .......... .......... .......... 34% 58.2M 1s
 12200K .......... .......... .......... .......... .......... 34% 48.4M 1s
 12250K .......... .......... .......... .......... .......... 34% 43.2M 1s
 12300K .......... .......... .......... .......... .......... 34% 52.0M 1s
 12350K .......... .......... .......... .......... .......... 34%  191M 1s
 12400K .......... .......... .......... .......... .......... 34% 50.7M 1s
 12450K .......... .......... .......... .......... .......... 34% 50.7M 1s
 12500K .......... .......... .......... .......... .......... 35% 55.3M 1s
 12550K .......... .......... .......... .......... .......... 35%  154M 1s
 12600K .......... .......... .......... .......... .......... 35% 43.5M 1s
 12650K .......... .......... .......... .......... .......... 35% 41.1M 1s
 12700K .......... .......... .......... .......... .......... 35% 40.6M 1s
 12750K .......... .......... .......... .......... .......... 35% 90.1M 1s
 12800K .......... .......... .......... .......... .......... 35%  170M 1s
 12850K .......... .......... .......... .......... .......... 36% 28.1M 1s
 12900K .......... .......... .......... .......... .......... 36%  195M 1s
 12950K .......... .......... .......... .......... .......... 36% 46.2M 1s
 13000K .......... .......... .......... .......... .......... 36%  152M 1s
 13050K .......... .......... .......... .......... .......... 36% 49.7M 1s
 13100K .......... .......... .......... .......... .......... 36%  172M 1s
 13150K .......... .......... .......... .......... .......... 36%  110M 1s
 13200K .......... .......... .......... .......... .......... 36% 37.7M 1s
 13250K .......... .......... .......... .......... .......... 37%  145M 1s
 13300K .......... .......... .......... .......... .......... 37%  167M 1s
 13350K .......... .......... .......... .......... .......... 37% 46.3M 1s
 13400K .......... .......... .......... .......... .......... 37% 53.9M 1s
 13450K .......... .......... .......... .......... .......... 37% 88.8M 1s
 13500K .......... .......... .......... .......... .......... 37% 37.5M 1s
 13550K .......... .......... .......... .......... .......... 37%  169M 1s
 13600K .......... .......... .......... .......... .......... 38% 80.1M 1s
 13650K .......... .......... .......... .......... .......... 38% 29.9M 1s
 13700K .......... .......... .......... .......... .......... 38%  217M 1s
 13750K .......... .......... .......... .......... .......... 38%  198M 1s
 13800K .......... .......... .......... .......... .......... 38% 78.5M 1s
 13850K .......... .......... .......... .......... .......... 38%  126M 1s
 13900K .......... .......... .......... .......... .......... 38%  173M 1s
 13950K .......... .......... .......... .......... .......... 39% 61.4M 1s
 14000K .......... .......... .......... .......... .......... 39% 31.0M 1s
 14050K .......... .......... .......... .......... .......... 39%  182M 1s
 14100K .......... .......... .......... .......... .......... 39%  127M 1s
 14150K .......... .......... .......... .......... .......... 39%  167M 1s
 14200K .......... .......... .......... .......... .......... 39%  163M 1s
 14250K .......... .......... .......... .......... .......... 39% 78.0M 1s
 14300K .......... .......... .......... .......... .......... 40%  189M 1s
 14350K .......... .......... .......... .......... .......... 40% 89.3M 1s
 14400K .......... .......... .......... .......... .......... 40% 64.2M 1s
 14450K .......... .......... .......... .......... .......... 40%  172M 1s
 14500K .......... .......... .......... .......... .......... 40% 77.9M 1s
 14550K .......... .......... .......... .......... .......... 40%  154M 1s
 14600K .......... .......... .......... .......... .......... 40% 96.7M 1s
 14650K .......... .......... .......... .......... .......... 41% 72.0M 1s
 14700K .......... .......... .......... .......... .......... 41%  178M 1s
 14750K .......... .......... .......... .......... .......... 41% 58.2M 1s
 14800K .......... .......... .......... .......... .......... 41%  136M 1s
 14850K .......... .......... .......... .......... .......... 41% 63.7M 1s
 14900K .......... .......... .......... .......... .......... 41%  140M 1s
 14950K .......... .......... .......... .......... .......... 41%  117M 1s
 15000K .......... .......... .......... .......... .......... 42%  184M 1s
 15050K .......... .......... .......... .......... .......... 42% 45.1M 1s
 15100K .......... .......... .......... .......... .......... 42% 54.6M 1s
 15150K .......... .......... .......... .......... .......... 42% 48.4M 1s
 15200K .......... .......... .......... .......... .......... 42% 82.0M 1s
 15250K .......... .......... .......... .......... .......... 42%  159M 1s
 15300K .......... .......... .......... .......... .......... 42% 61.8M 1s
 15350K .......... .......... .......... .......... .......... 43% 39.9M 1s
 15400K .......... .......... .......... .......... .......... 43% 89.1M 1s
 15450K .......... .......... .......... .......... .......... 43% 44.4M 1s
 15500K .......... .......... .......... .......... .......... 43% 38.4M 1s
 15550K .......... .......... .......... .......... .......... 43%  159M 1s
 15600K .......... .......... .......... .......... .......... 43% 30.8M 1s
 15650K .......... .......... .......... .......... .......... 43%  156M 1s
 15700K .......... .......... .......... .......... .......... 43% 46.2M 1s
 15750K .......... .......... .......... .......... .......... 44%  111M 1s
 15800K .......... .......... .......... .......... .......... 44%  109M 1s
 15850K .......... .......... .......... .......... .......... 44% 12.6M 1s
 15900K .......... .......... .......... .......... .......... 44%  106M 1s
 15950K .......... .......... .......... .......... .......... 44% 71.6M 1s
 16000K .......... .......... .......... .......... .......... 44%  214M 1s
 16050K .......... .......... .......... .......... .......... 44%  212M 1s
 16100K .......... .......... .......... .......... .......... 45%  233M 1s
 16150K .......... .......... .......... .......... .......... 45%  297M 1s
 16200K .......... .......... .......... .......... .......... 45%  321M 1s
 16250K .......... .......... .......... .......... .......... 45% 50.5M 1s
 16300K .......... .......... .......... .......... .......... 45%  175M 1s
 16350K .......... .......... .......... .......... .......... 45% 35.3M 1s
 16400K .......... .......... .......... .......... .......... 45% 64.1M 1s
 16450K .......... .......... .......... .......... .......... 46%  173M 1s
 16500K .......... .......... .......... .......... .......... 46% 36.7M 1s
 16550K .......... .......... .......... .......... .......... 46% 76.5M 1s
 16600K .......... .......... .......... .......... .......... 46% 95.8M 1s
 16650K .......... .......... .......... .......... .......... 46% 43.8M 1s
 16700K .......... .......... .......... .......... .......... 46% 68.0M 1s
 16750K .......... .......... .......... .......... .......... 46% 78.6M 1s
 16800K .......... .......... .......... .......... .......... 47%  139M 1s
 16850K .......... .......... .......... .......... .......... 47% 96.3M 1s
 16900K .......... .......... .......... .......... .......... 47% 64.1M 1s
 16950K .......... .......... .......... .......... .......... 47%  171M 1s
 17000K .......... .......... .......... .......... .......... 47% 73.8M 1s
 17050K .......... .......... .......... .......... .......... 47% 53.6M 1s
 17100K .......... .......... .......... .......... .......... 47% 68.0M 1s
 17150K .......... .......... .......... .......... .......... 48% 58.7M 1s
 17200K .......... .......... .......... .......... .......... 48% 78.0M 1s
 17250K .......... .......... .......... .......... .......... 48%  165M 1s
 17300K .......... .......... .......... .......... .......... 48% 65.8M 1s
 17350K .......... .......... .......... .......... .......... 48% 66.0M 1s
 17400K .......... .......... .......... .......... .......... 48% 67.3M 1s
 17450K .......... .......... .......... .......... .......... 48% 59.8M 1s
 17500K .......... .......... .......... .......... .......... 49%  159M 1s
 17550K .......... .......... .......... .......... .......... 49% 49.4M 1s
 17600K .......... .......... .......... .......... .......... 49%  110M 1s
 17650K .......... .......... .......... .......... .......... 49% 66.1M 1s
 17700K .......... .......... .......... .......... .......... 49%  159M 1s
 17750K .......... .......... .......... .......... .......... 49% 35.8M 1s
 17800K .......... .......... .......... .......... .......... 49% 45.7M 1s
 17850K .......... .......... .......... .......... .......... 49%  125M 1s
 17900K .......... .......... .......... .......... .......... 50%  159M 1s
 17950K .......... .......... .......... .......... .......... 50% 79.8M 1s
 18000K .......... .......... .......... .......... .......... 50%  206M 1s
 18050K .......... .......... .......... .......... .......... 50% 56.8M 1s
 18100K .......... .......... .......... .......... .......... 50% 39.1M 1s
 18150K .......... .......... .......... .......... .......... 50%  113M 0s
 18200K .......... .......... .......... .......... .......... 50%  148M 0s
 18250K .......... .......... .......... .......... .......... 51%  102M 0s
 18300K .......... .......... .......... .......... .......... 51% 54.8M 0s
 18350K .......... .......... .......... .......... .......... 51% 79.0M 0s
 18400K .......... .......... .......... .......... .......... 51% 67.2M 0s
 18450K .......... .......... .......... .......... .......... 51%  143M 0s
 18500K .......... .......... .......... .......... .......... 51% 64.0M 0s
 18550K .......... .......... .......... .......... .......... 51% 72.6M 0s
 18600K .......... .......... .......... .......... .......... 52% 63.0M 0s
 18650K .......... .......... .......... .......... .......... 52% 62.4M 0s
 18700K .......... .......... .......... .......... .......... 52% 71.6M 0s
 18750K .......... .......... .......... .......... .......... 52%  165M 0s
 18800K .......... .......... .......... .......... .......... 52% 52.8M 0s
 18850K .......... .......... .......... .......... .......... 52% 28.8M 0s
 18900K .......... .......... .......... .......... .......... 52% 22.4M 0s
 18950K .......... .......... .......... .......... .......... 53% 69.2M 0s
 19000K .......... .......... .......... .......... .......... 53% 54.5M 0s
 19050K .......... .......... .......... .......... .......... 53% 76.9M 0s
 19100K .......... .......... .......... .......... .......... 53% 62.7M 0s
 19150K .......... .......... .......... .......... .......... 53% 56.9M 0s
 19200K .......... .......... .......... .......... .......... 53%  179M 0s
 19250K .......... .......... .......... .......... .......... 53% 81.4M 0s
 19300K .......... .......... .......... .......... .......... 54% 70.6M 0s
 19350K .......... .......... .......... .......... .......... 54% 63.5M 0s
 19400K .......... .......... .......... .......... .......... 54% 99.9M 0s
 19450K .......... .......... .......... .......... .......... 54% 74.5M 0s
 19500K .......... .......... .......... .......... .......... 54% 46.2M 0s
 19550K .......... .......... .......... .......... .......... 54%  135M 0s
 19600K .......... .......... .......... .......... .......... 54% 63.2M 0s
 19650K .......... .......... .......... .......... .......... 55% 66.5M 0s
 19700K .......... .......... .......... .......... .......... 55%  196M 0s
 19750K .......... .......... .......... .......... .......... 55% 51.0M 0s
 19800K .......... .......... .......... .......... .......... 55% 56.1M 0s
 19850K .......... .......... .......... .......... .......... 55% 90.9M 0s
 19900K .......... .......... .......... .......... .......... 55% 69.9M 0s
 19950K .......... .......... .......... .......... .......... 55%  167M 0s
 20000K .......... .......... .......... .......... .......... 55% 64.3M 0s
 20050K .......... .......... .......... .......... .......... 56% 73.4M 0s
 20100K .......... .......... .......... .......... .......... 56% 60.6M 0s
 20150K .......... .......... .......... .......... .......... 56%  155M 0s
 20200K .......... .......... .......... .......... .......... 56% 63.4M 0s
 20250K .......... .......... .......... .......... .......... 56% 58.2M 0s
 20300K .......... .......... .......... .......... .......... 56% 79.3M 0s
 20350K .......... .......... .......... .......... .......... 56% 68.6M 0s
 20400K .......... .......... .......... .......... .......... 57% 65.4M 0s
 20450K .......... .......... .......... .......... .......... 57%  169M 0s
 20500K .......... .......... .......... .......... .......... 57% 65.7M 0s
 20550K .......... .......... .......... .......... .......... 57% 62.1M 0s
 20600K .......... .......... .......... .......... .......... 57% 61.0M 0s
 20650K .......... .......... .......... .......... .......... 57% 61.6M 0s
 20700K .......... .......... .......... .......... .......... 57%  176M 0s
 20750K .......... .......... .......... .......... .......... 58% 60.3M 0s
 20800K .......... .......... .......... .......... .......... 58% 76.0M 0s
 20850K .......... .......... .......... .......... .......... 58% 70.6M 0s
 20900K .......... .......... .......... .......... .......... 58%  210M 0s
 20950K .......... .......... .......... .......... .......... 58% 59.1M 0s
 21000K .......... .......... .......... .......... .......... 58% 70.6M 0s
 21050K .......... .......... .......... .......... .......... 58% 59.9M 0s
 21100K .......... .......... .......... .......... .......... 59% 59.2M 0s
 21150K .......... .......... .......... .......... .......... 59% 80.6M 0s
 21200K .......... .......... .......... .......... .......... 59%  160M 0s
 21250K .......... .......... .......... .......... .......... 59% 54.8M 0s
 21300K .......... .......... .......... .......... .......... 59% 78.1M 0s
 21350K .......... .......... .......... .......... .......... 59% 67.1M 0s
 21400K .......... .......... .......... .......... .......... 59%  172M 0s
 21450K .......... .......... .......... .......... .......... 60% 59.3M 0s
 21500K .......... .......... .......... .......... .......... 60% 71.3M 0s
 21550K .......... .......... .......... .......... .......... 60% 59.3M 0s
 21600K .......... .......... .......... .......... .......... 60% 66.9M 0s
 21650K .......... .......... .......... .......... .......... 60%  138M 0s
 21700K .......... .......... .......... .......... .......... 60% 74.4M 0s
 21750K .......... .......... .......... .......... .......... 60% 63.7M 0s
 21800K .......... .......... .......... .......... .......... 61% 69.5M 0s
 21850K .......... .......... .......... .......... .......... 61% 57.0M 0s
 21900K .......... .......... .......... .......... .......... 61%  164M 0s
 21950K .......... .......... .......... .......... .......... 61% 69.6M 0s
 22000K .......... .......... .......... .......... .......... 61% 51.3M 0s
 22050K .......... .......... .......... .......... .......... 61% 46.5M 0s
 22100K .......... .......... .......... .......... .......... 61% 80.4M 0s
 22150K .......... .......... .......... .......... .......... 61%  162M 0s
 22200K .......... .......... .......... .......... .......... 62% 59.2M 0s
 22250K .......... .......... .......... .......... .......... 62% 56.0M 0s
 22300K .......... .......... .......... .......... .......... 62%  178M 0s
 22350K .......... .......... .......... .......... .......... 62% 13.6M 0s
 22400K .......... .......... .......... .......... .......... 62%  153M 0s
 22450K .......... .......... .......... .......... .......... 62%  174M 0s
 22500K .......... .......... .......... .......... .......... 62%  167M 0s
 22550K .......... .......... .......... .......... .......... 63%  194M 0s
 22600K .......... .......... .......... .......... .......... 63%  161M 0s
 22650K .......... .......... .......... .......... .......... 63%  131M 0s
 22700K .......... .......... .......... .......... .......... 63% 65.4M 0s
 22750K .......... .......... .......... .......... .......... 63% 60.0M 0s
 22800K .......... .......... .......... .......... .......... 63% 58.8M 0s
 22850K .......... .......... .......... .......... .......... 63% 85.1M 0s
 22900K .......... .......... .......... .......... .......... 64%  169M 0s
 22950K .......... .......... .......... .......... .......... 64% 61.3M 0s
 23000K .......... .......... .......... .......... .......... 64% 67.5M 0s
 23050K .......... .......... .......... .......... .......... 64% 64.9M 0s
 23100K .......... .......... .......... .......... .......... 64% 57.6M 0s
 23150K .......... .......... .......... .......... .......... 64%  153M 0s
 23200K .......... .......... .......... .......... .......... 64% 81.1M 0s
 23250K .......... .......... .......... .......... .......... 65% 59.3M 0s
 23300K .......... .......... .......... .......... .......... 65% 74.5M 0s
 23350K .......... .......... .......... .......... .......... 65%  189M 0s
 23400K .......... .......... .......... .......... .......... 65% 52.0M 0s
 23450K .......... .......... .......... .......... .......... 65% 76.6M 0s
 23500K .......... .......... .......... .......... .......... 65% 55.3M 0s
 23550K .......... .......... .......... .......... .......... 65% 67.1M 0s
 23600K .......... .......... .......... .......... .......... 66% 86.5M 0s
 23650K .......... .......... .......... .......... .......... 66%  106M 0s
 23700K .......... .......... .......... .......... .......... 66% 73.5M 0s
 23750K .......... .......... .......... .......... .......... 66% 74.2M 0s
 23800K .......... .......... .......... .......... .......... 66% 63.2M 0s
 23850K .......... .......... .......... .......... .......... 66% 58.2M 0s
 23900K .......... .......... .......... .......... .......... 66% 92.0M 0s
 23950K .......... .......... .......... .......... .......... 67% 53.1M 0s
 24000K .......... .......... .......... .......... .......... 67%  192M 0s
 24050K .......... .......... .......... .......... .......... 67% 22.8M 0s
 24100K .......... .......... .......... .......... .......... 67% 60.6M 0s
 24150K .......... .......... .......... .......... .......... 67% 60.5M 0s
 24200K .......... .......... .......... .......... .......... 67% 80.7M 0s
 24250K .......... .......... .......... .......... .......... 67% 59.7M 0s
 24300K .......... .......... .......... .......... .......... 67%  146M 0s
 24350K .......... .......... .......... .......... .......... 68% 62.7M 0s
 24400K .......... .......... .......... .......... .......... 68% 65.8M 0s
 24450K .......... .......... .......... .......... .......... 68% 63.7M 0s
 24500K .......... .......... .......... .......... .......... 68%  154M 0s
 24550K .......... .......... .......... .......... .......... 68% 66.5M 0s
 24600K .......... .......... .......... .......... .......... 68% 71.1M 0s
 24650K .......... .......... .......... .......... .......... 68% 39.4M 0s
 24700K .......... .......... .......... .......... .......... 69%  142M 0s
 24750K .......... .......... .......... .......... .......... 69%  171M 0s
 24800K .......... .......... .......... .......... .......... 69% 48.8M 0s
 24850K .......... .......... .......... .......... .......... 69% 70.3M 0s
 24900K .......... .......... .......... .......... .......... 69% 96.2M 0s
 24950K .......... .......... .......... .......... .......... 69%  185M 0s
 25000K .......... .......... .......... .......... .......... 69% 64.5M 0s
 25050K .......... .......... .......... .......... .......... 70% 61.9M 0s
 25100K .......... .......... .......... .......... .......... 70% 64.8M 0s
 25150K .......... .......... .......... .......... .......... 70% 72.1M 0s
 25200K .......... .......... .......... .......... .......... 70% 59.9M 0s
 25250K .......... .......... .......... .......... .......... 70%  154M 0s
 25300K .......... .......... .......... .......... .......... 70% 69.3M 0s
 25350K .......... .......... .......... .......... .......... 70% 61.2M 0s
 25400K .......... .......... .......... .......... .......... 71% 48.3M 0s
 25450K .......... .......... .......... .......... .......... 71%  104M 0s
 25500K .......... .......... .......... .......... .......... 71%  130M 0s
 25550K .......... .......... .......... .......... .......... 71% 39.4M 0s
 25600K .......... .......... .......... .......... .......... 71%  113M 0s
 25650K .......... .......... .......... .......... .......... 71% 81.8M 0s
 25700K .......... .......... .......... .......... .......... 71%  160M 0s
 25750K .......... .......... .......... .......... .......... 72% 86.6M 0s
 25800K .......... .......... .......... .......... .......... 72% 54.7M 0s
 25850K .......... .......... .......... .......... .......... 72% 70.6M 0s
 25900K .......... .......... .......... .......... .......... 72% 67.0M 0s
 25950K .......... .......... .......... .......... .......... 72% 70.6M 0s
 26000K .......... .......... .......... .......... .......... 72%  150M 0s
 26050K .......... .......... .......... .......... .......... 72% 64.5M 0s
 26100K .......... .......... .......... .......... .......... 73% 66.7M 0s
 26150K .......... .......... .......... .......... .......... 73% 64.2M 0s
 26200K .......... .......... .......... .......... .......... 73% 98.7M 0s
 26250K .......... .......... .......... .......... .......... 73% 90.4M 0s
 26300K .......... .......... .......... .......... .......... 73% 58.9M 0s
 26350K .......... .......... .......... .......... .......... 73% 70.2M 0s
 26400K .......... .......... .......... .......... .......... 73% 66.7M 0s
 26450K .......... .......... .......... .......... .......... 73%  147M 0s
 26500K .......... .......... .......... .......... .......... 74% 69.2M 0s
 26550K .......... .......... .......... .......... .......... 74% 70.0M 0s
 26600K .......... .......... .......... .......... .......... 74% 48.6M 0s
 26650K .......... .......... .......... .......... .......... 74% 78.6M 0s
 26700K .......... .......... .......... .......... .......... 74% 79.8M 0s
 26750K .......... .......... .......... .......... .......... 74%  155M 0s
 26800K .......... .......... .......... .......... .......... 74% 31.8M 0s
 26850K .......... .......... .......... .......... .......... 75%  101M 0s
 26900K .......... .......... .......... .......... .......... 75%  137M 0s
 26950K .......... .......... .......... .......... .......... 75%  141M 0s
 27000K .......... .......... .......... .......... .......... 75% 75.6M 0s
 27050K .......... .......... .......... .......... .......... 75% 53.9M 0s
 27100K .......... .......... .......... .......... .......... 75% 57.8M 0s
 27150K .......... .......... .......... .......... .......... 75% 37.1M 0s
 27200K .......... .......... .......... .......... .......... 76%  169M 0s
 27250K .......... .......... .......... .......... .......... 76% 61.1M 0s
 27300K .......... .......... .......... .......... .......... 76%  124M 0s
 27350K .......... .......... .......... .......... .......... 76% 55.7M 0s
 27400K .......... .......... .......... .......... .......... 76%  154M 0s
 27450K .......... .......... .......... .......... .......... 76% 53.6M 0s
 27500K .......... .......... .......... .......... .......... 76%  114M 0s
 27550K .......... .......... .......... .......... .......... 77% 71.6M 0s
 27600K .......... .......... .......... .......... .......... 77% 64.6M 0s
 27650K .......... .......... .......... .......... .......... 77% 40.1M 0s
 27700K .......... .......... .......... .......... .......... 77%  162M 0s
 27750K .......... .......... .......... .......... .......... 77% 87.4M 0s
 27800K .......... .......... .......... .......... .......... 77% 52.9M 0s
 27850K .......... .......... .......... .......... .......... 77%  126M 0s
 27900K .......... .......... .......... .......... .......... 78% 66.4M 0s
 27950K .......... .......... .......... .......... .......... 78%  163M 0s
 28000K .......... .......... .......... .......... .......... 78% 70.0M 0s
 28050K .......... .......... .......... .......... .......... 78% 63.5M 0s
 28100K .......... .......... .......... .......... .......... 78% 60.5M 0s
 28150K .......... .......... .......... .......... .......... 78%  186M 0s
 28200K .......... .......... .......... .......... .......... 78% 69.0M 0s
 28250K .......... .......... .......... .......... .......... 79% 64.8M 0s
 28300K .......... .......... .......... .......... .......... 79% 48.7M 0s
 28350K .......... .......... .......... .......... .......... 79%  109M 0s
 28400K .......... .......... .......... .......... .......... 79% 44.6M 0s
 28450K .......... .......... .......... .......... .......... 79%  153M 0s
 28500K .......... .......... .......... .......... .......... 79%  130M 0s
 28550K .......... .......... .......... .......... .......... 79% 62.9M 0s
 28600K .......... .......... .......... .......... .......... 79% 60.6M 0s
 28650K .......... .......... .......... .......... .......... 80% 61.7M 0s
 28700K .......... .......... .......... .......... .......... 80%  180M 0s
 28750K .......... .......... .......... .......... .......... 80% 74.9M 0s
 28800K .......... .......... .......... .......... .......... 80% 55.3M 0s
 28850K .......... .......... .......... .......... .......... 80% 52.2M 0s
 28900K .......... .......... .......... .......... .......... 80%  197M 0s
 28950K .......... .......... .......... .......... .......... 80% 87.4M 0s
 29000K .......... .......... .......... .......... .......... 81% 55.2M 0s
 29050K .......... .......... .......... .......... .......... 81% 51.1M 0s
 29100K .......... .......... .......... .......... .......... 81% 82.7M 0s
 29150K .......... .......... .......... .......... .......... 81% 69.2M 0s
 29200K .......... .......... .......... .......... .......... 81% 87.6M 0s
 29250K .......... .......... .......... .......... .......... 81%  159M 0s
 29300K .......... .......... .......... .......... .......... 81% 53.5M 0s
 29350K .......... .......... .......... .......... .......... 82% 61.1M 0s
 29400K .......... .......... .......... .......... .......... 82%  156M 0s
 29450K .......... .......... .......... .......... .......... 82% 71.6M 0s
 29500K .......... .......... .......... .......... .......... 82% 70.0M 0s
 29550K .......... .......... .......... .......... .......... 82% 81.4M 0s
 29600K .......... .......... .......... .......... .......... 82% 67.8M 0s
 29650K .......... .......... .......... .......... .......... 82%  150M 0s
 29700K .......... .......... .......... .......... .......... 83% 53.5M 0s
 29750K .......... .......... .......... .......... .......... 83% 82.5M 0s
 29800K .......... .......... .......... .......... .......... 83% 47.4M 0s
 29850K .......... .......... .......... .......... .......... 83% 47.3M 0s
 29900K .......... .......... .......... .......... .......... 83%  177M 0s
 29950K .......... .......... .......... .......... .......... 83% 79.3M 0s
 30000K .......... .......... .......... .......... .......... 83%  121M 0s
 30050K .......... .......... .......... .......... .......... 84% 63.3M 0s
 30100K .......... .......... .......... .......... .......... 84% 70.8M 0s
 30150K .......... .......... .......... .......... .......... 84%  158M 0s
 30200K .......... .......... .......... .......... .......... 84% 22.7M 0s
 30250K .......... .......... .......... .......... .......... 84%  137M 0s
 30300K .......... .......... .......... .......... .......... 84% 66.6M 0s
 30350K .......... .......... .......... .......... .......... 84%  155M 0s
 30400K .......... .......... .......... .......... .......... 85%  179M 0s
 30450K .......... .......... .......... .......... .......... 85% 43.0M 0s
 30500K .......... .......... .......... .......... .......... 85%  128M 0s
 30550K .......... .......... .......... .......... .......... 85% 66.2M 0s
 30600K .......... .......... .......... .......... .......... 85%  124M 0s
 30650K .......... .......... .......... .......... .......... 85% 76.7M 0s
 30700K .......... .......... .......... .......... .......... 85% 39.3M 0s
 30750K .......... .......... .......... .......... .......... 86%  174M 0s
 30800K .......... .......... .......... .......... .......... 86% 49.7M 0s
 30850K .......... .......... .......... .......... .......... 86% 69.0M 0s
 30900K .......... .......... .......... .......... .......... 86%  143M 0s
 30950K .......... .......... .......... .......... .......... 86% 55.5M 0s
 31000K .......... .......... .......... .......... .......... 86%  134M 0s
 31050K .......... .......... .......... .......... .......... 86% 62.9M 0s
 31100K .......... .......... .......... .......... .......... 86% 60.1M 0s
 31150K .......... .......... .......... .......... .......... 87%  107M 0s
 31200K .......... .......... .......... .......... .......... 87%  121M 0s
 31250K .......... .......... .......... .......... .......... 87% 37.6M 0s
 31300K .......... .......... .......... .......... .......... 87% 86.2M 0s
 31350K .......... .......... .......... .......... .......... 87% 71.8M 0s
 31400K .......... .......... .......... .......... .......... 87%  128M 0s
 31450K .......... .......... .......... .......... .......... 87% 70.9M 0s
 31500K .......... .......... .......... .......... .......... 88% 97.8M 0s
 31550K .......... .......... .......... .......... .......... 88% 72.3M 0s
 31600K .......... .......... .......... .......... .......... 88% 63.1M 0s
 31650K .......... .......... .......... .......... .......... 88%  148M 0s
 31700K .......... .......... .......... .......... .......... 88% 62.6M 0s
 31750K .......... .......... .......... .......... .......... 88% 73.6M 0s
 31800K .......... .......... .......... .......... .......... 88% 57.0M 0s
 31850K .......... .......... .......... .......... .......... 89% 36.5M 0s
 31900K .......... .......... .......... .......... .......... 89%  184M 0s
 31950K .......... .......... .......... .......... .......... 89%  163M 0s
 32000K .......... .......... .......... .......... .......... 89% 67.4M 0s
 32050K .......... .......... .......... .......... .......... 89% 79.4M 0s
 32100K .......... .......... .......... .......... .......... 89%  149M 0s
 32150K .......... .......... .......... .......... .......... 89% 49.6M 0s
 32200K .......... .......... .......... .......... .......... 90% 78.1M 0s
 32250K .......... .......... .......... .......... .......... 90% 70.4M 0s
 32300K .......... .......... .......... .......... .......... 90% 76.5M 0s
 32350K .......... .......... .......... .......... .......... 90%  163M 0s
 32400K .......... .......... .......... .......... .......... 90% 61.6M 0s
 32450K .......... .......... .......... .......... .......... 90% 44.6M 0s
 32500K .......... .......... .......... .......... .......... 90%  161M 0s
 32550K .......... .......... .......... .......... .......... 91% 47.1M 0s
 32600K .......... .......... .......... .......... .......... 91%  170M 0s
 32650K .......... .......... .......... .......... .......... 91% 29.8M 0s
 32700K .......... .......... .......... .......... .......... 91%  126M 0s
 32750K .......... .......... .......... .......... .......... 91% 98.7M 0s
 32800K .......... .......... .......... .......... .......... 91%  125M 0s
 32850K .......... .......... .......... .......... .......... 91%  135M 0s
 32900K .......... .......... .......... .......... .......... 92% 52.5M 0s
 32950K .......... .......... .......... .......... .......... 92% 51.6M 0s
 33000K .......... .......... .......... .......... .......... 92%  167M 0s
 33050K .......... .......... .......... .......... .......... 92% 73.7M 0s
 33100K .......... .......... .......... .......... .......... 92%  140M 0s
 33150K .......... .......... .......... .......... .......... 92% 49.0M 0s
 33200K .......... .......... .......... .......... .......... 92% 34.8M 0s
 33250K .......... .......... .......... .......... .......... 92% 95.7M 0s
 33300K .......... .......... .......... .......... .......... 93% 66.6M 0s
 33350K .......... .......... .......... .......... .......... 93%  107M 0s
 33400K .......... .......... .......... .......... .......... 93%  116M 0s
 33450K .......... .......... .......... .......... .......... 93% 48.5M 0s
 33500K .......... .......... .......... .......... .......... 93% 59.6M 0s
 33550K .......... .......... .......... .......... .......... 93%  103M 0s
 33600K .......... .......... .......... .......... .......... 93%  118M 0s
 33650K .......... .......... .......... .......... .......... 94% 65.6M 0s
 33700K .......... .......... .......... .......... .......... 94% 71.2M 0s
 33750K .......... .......... .......... .......... .......... 94% 54.7M 0s
 33800K .......... .......... .......... .......... .......... 94%  145M 0s
 33850K .......... .......... .......... .......... .......... 94% 78.0M 0s
 33900K .......... .......... .......... .......... .......... 94% 72.5M 0s
 33950K .......... .......... .......... .......... .......... 94% 54.9M 0s
 34000K .......... .......... .......... .......... .......... 95% 82.1M 0s
 34050K .......... .......... .......... .......... .......... 95% 70.9M 0s
 34100K .......... .......... .......... .......... .......... 95%  130M 0s
 34150K .......... .......... .......... .......... .......... 95% 59.1M 0s
 34200K .......... .......... .......... .......... .......... 95% 76.7M 0s
 34250K .......... .......... .......... .......... .......... 95% 59.9M 0s
 34300K .......... .......... .......... .......... .......... 95% 64.4M 0s
 34350K .......... .......... .......... .......... .......... 96%  118M 0s
 34400K .......... .......... .......... .......... .......... 96% 89.8M 0s
 34450K .......... .......... .......... .......... .......... 96% 40.0M 0s
 34500K .......... .......... .......... .......... .......... 96%  136M 0s
 34550K .......... .......... .......... .......... .......... 96%  182M 0s
 34600K .......... .......... .......... .......... .......... 96% 73.6M 0s
 34650K .......... .......... .......... .......... .......... 96% 51.8M 0s
 34700K .......... .......... .......... .......... .......... 97% 71.4M 0s
 34750K .......... .......... .......... .......... .......... 97% 72.6M 0s
 34800K .......... .......... .......... .......... .......... 97%  182M 0s
 34850K .......... .......... .......... .......... .......... 97% 63.4M 0s
 34900K .......... .......... .......... .......... .......... 97% 43.9M 0s
 34950K .......... .......... .......... .......... .......... 97% 70.6M 0s
 35000K .......... .......... .......... .......... .......... 97%  125M 0s
 35050K .......... .......... .......... .......... .......... 98% 61.2M 0s
 35100K .......... .......... .......... .......... .......... 98%  173M 0s
 35150K .......... .......... .......... .......... .......... 98% 55.7M 0s
 35200K .......... .......... .......... .......... .......... 98% 81.4M 0s
 35250K .......... .......... .......... .......... .......... 98% 44.5M 0s
 35300K .......... .......... .......... .......... .......... 98%  101M 0s
 35350K .......... .......... .......... .......... .......... 98% 90.8M 0s
 35400K .......... .......... .......... .......... .......... 98%  122M 0s
 35450K .......... .......... .......... .......... .......... 99% 41.2M 0s
 35500K .......... .......... .......... .......... .......... 99%  130M 0s
 35550K .......... .......... .......... .......... .......... 99% 97.2M 0s
 35600K .......... .......... .......... .......... .......... 99% 79.0M 0s
 35650K .......... .......... .......... .......... .......... 99% 47.9M 0s
 35700K .......... .......... .......... .......... .......... 99% 74.8M 0s
 35750K .......... .......... .......... .......... .......... 99%  117M 0s
 35800K .......... ..                                         100% 92.4M=0.8s

2024-04-14 18:04:56 (46.5 MB/s) - 'data/Police_Department_Incident_Reports_100k.csv' saved [36672079/36672079]

<connection object at 0x7f3f3d98be08; dsn: 'user=team1 password=xxx dbname=team1_projectdb host=hadoop-04.uni.innopolis.ru port=5432', closed: 0>
[(datetime.date(2023, 6, 15),
  datetime.date(2023, 6, 15),
  '02:00',
  2023,
  'Thursday',
  datetime.date(2023, 6, 26),
  134227306374,
  1342273,
  236120498,
  None,
  'II',
  'Coplogic Initial',
  True,
  6374,
  'Larceny Theft',
  'Larceny Theft - Other',
  'Theft, Other Property, >$950',
  'Open or Active',
  'FELL ST \\ LAGUNA ST',
  25913000,
  'Northern',
  'Hayes Valley',
  5,
  5,
  37.77552454478846,
  -122.42607032528431,
  'POINT (-122.42607032528431 37.77552454478846)',
  22,
  None,
  None,
  None,
  None,
  None,
  11,
  4),
 (datetime.date(2023, 6, 15),
  datetime.date(2023, 6, 15),
  '14:00',
  2023,
  'Thursday',
  datetime.date(2023, 6, 17),
  134232006374,
  1342320,
  236122961,
  None,
  'II',
  'Coplogic Initial',
  True,
  6374,
  'Larceny Theft',
  'Larceny Theft - Other',
  'Theft, Other Property, >$950',
  'Open or Active',
  'GREEN ST \\ SANSOME ST',
  24822000,
  'Central',
  'North Beach',
  3,
  3,
  37.80030712878617,
  -122.40260412542855,
  'POINT (-122.40260412542857 37.80030712878617)',
  None,
  None,
  None,
  None,
  None,
  None,
  3,
  6),
 (datetime.date(2023, 6, 15),
  datetime.date(2023, 6, 15),
  '14:00',
  2023,
  'Thursday',
  datetime.date(2023, 7, 11),
  129494107021,
  1294941,
  230479845,
  231921150,
  'VI',
  'Vehicle Initial',
  None,
  7021,
  'Motor Vehicle Theft',
  'Motor Vehicle Theft',
  'Vehicle, Stolen, Auto',
  'Open or Active',
  'BERTHA LN \\ HUDSON AVE',
  20087000,
  'Bayview',
  'Bayview Hunters Point',
  10,
  10,
  37.73242217387174,
  -122.38018459028908,
  'POINT (-122.38018459028908 37.73242217387174)',
  86,
  None,
  None,
  None,
  None,
  None,
  9,
  2),
 (datetime.date(2023, 6, 15),
  datetime.date(2023, 6, 15),
  '14:00',
  2023,
  'Thursday',
  datetime.date(2023, 6, 16),
  128659771013,
  1286597,
  230415350,
  231672104,
  'VI',
  'Vehicle Initial',
  None,
  71013,
  'Larceny Theft',
  'Theft From Vehicle',
  'License Plate, Stolen',
  'Open or Active',
  'DUBOCE AVE \\ DIVISADERO ST',
  26010000,
  'Park',
  'Castro/Upper Market',
  8,
  8,
  37.76900080136138,
  -122.43658826795966,
  'POINT (-122.43658826795966 37.76900080136138)',
  112,
  None,
  None,
  None,
  None,
  None,
  5,
  7),
 (datetime.date(2023, 6, 15),
  datetime.date(2023, 6, 15),
  '14:00',
  2023,
  'Thursday',
  datetime.date(2023, 6, 22),
  128852205041,
  1288522,
  230429458,
  231730724,
  'II',
  'Initial',
  None,
  5041,
  'Burglary',
  'Burglary - Residential',
  'Burglary, Residence, Forcible Entry',
  'Open or Active',
  '30TH ST \\ CHURCH ST',
  21876000,
  'Ingleside',
  'Noe Valley',
  8,
  8,
  37.74207802838362,
  -122.42684637612442,
  'POINT (-122.42684637612442 37.742078028383624)',
  59,
  None,
  None,
  None,
  None,
  None,
  5,
  9),
 (datetime.date(2023, 6, 15),
  datetime.date(2023, 6, 15),
  '14:00',
  2023,
  'Thursday',
  datetime.date(2023, 6, 16),
  128657306234,
  1286573,
  230415059,
  231671543,
  'II',
  'Initial',
  None,
  6234,
  'Larceny Theft',
  'Larceny - Auto Parts',
  'Theft, Vehicle Strip, >$950',
  'Open or Active',
  'JAMESTOWN AVE \\ JENNINGS ST',
  20459000,
  'Bayview',
  'Bayview Hunters Point',
  10,
  10,
  37.71955810405571,
  -122.39543147525843,
  'POINT (-122.39543147525845 37.71955810405571)',
  88,
  None,
  None,
  None,
  None,
  None,
  9,
  2),
 (datetime.date(2023, 6, 15),
  datetime.date(2023, 6, 15),
  '14:00',
  2023,
  'Thursday',
  datetime.date(2023, 6, 15),
  128612606243,
  1286126,
  230413188,
  231662588,
  'II',
  'Initial',
  None,
  6243,
  'Larceny Theft',
  'Larceny - From Vehicle',
  'Theft, From Locked Vehicle, $200-$950',
  'Open or Active',
  'WASHINGTON ST \\ DRUMM ST',
  24571000,
  'Central',
  'Financial District/South Beach',
  3,
  3,
  37.796346859010335,
  -122.39695784020824,
  'POINT (-122.39695784020824 37.796346859010335)',
  77,
  None,
  None,
  None,
  4,
  None,
  3,
  6),
 (datetime.date(2023, 6, 15),
  datetime.date(2023, 6, 15),
  '14:05',
  2023,
  'Thursday',
  datetime.date(2023, 6, 16),
  128715506244,
  1287155,
  236109765,
  None,
  'II',
  'Coplogic Initial',
  True,
  6244,
  'Larceny Theft',
  'Larceny - From Vehicle',
  'Theft, From Locked Vehicle, >$950',
  'Open or Active',
  'FULTON ST \\ GOUGH ST',
  25940000,
  'Northern',
  'Hayes Valley',
  5,
  5,
  37.77874737106934,
  -122.42335402580974,
  'POINT (-122.42335402580974 37.77874737106934)',
  97,
  None,
  None,
  1,
  1,
  None,
  11,
  4),
 (datetime.date(2023, 6, 15),
  datetime.date(2023, 6, 15),
  '14:07',
  2023,
  'Thursday',
  datetime.date(2023, 6, 19),
  134188406374,
  1341884,
  236119407,
  None,
  'II',
  'Coplogic Initial',
  True,
  6374,
  'Larceny Theft',
  'Larceny Theft - Other',
  'Theft, Other Property, >$950',
  'Open or Active',
  'WILLOW ST \\ FRANKLIN ST',
  25188000,
  'Northern',
  'Western Addition',
  2,
  5,
  37.78315142705044,
  -122.4225579822023,
  'POINT (-122.4225579822023 37.78315142705044)',
  100,
  None,
  None,
  None,
  None,
  None,
  11,
  4),
 (datetime.date(2023, 6, 15),
  datetime.date(2023, 6, 15),
  '14:10',
  2023,
  'Thursday',
  datetime.date(2023, 6, 15),
  128611306154,
  1286113,
  230412851,
  231662057,
  'II',
  'Initial',
  None,
  6154,
  'Larceny Theft',
  'Larceny Theft - Other',
  'Theft, From Person, >$950 (other than Pickpocket)',
  'Open or Active',
  'TARAVAL ST \\ 19TH AVE',
  23183000,
  'Taraval',
  'Sunset/Parkside',
  7,
  4,
  37.743051811670966,
  -122.47564446909298,
  'POINT (-122.47564446909298 37.743051811670966)',
  None,
  None,
  None,
  None,
  None,
  None,
  7,
  10)]
SLF4J: Class path contains multiple SLF4J bindings.
SLF4J: Found binding in [jar:file:/usr/lib/hadoop/lib/slf4j-reload4j-1.7.35.jar!/org/slf4j/impl/StaticLoggerBinder.class]
SLF4J: Found binding in [jar:file:/usr/lib/sqoop/lib/slf4j-reload4j-1.7.35.jar!/org/slf4j/impl/StaticLoggerBinder.class]
SLF4J: See http://www.slf4j.org/codes.html#multiple_bindings for an explanation.
SLF4J: Actual binding is of type [org.slf4j.impl.Reload4jLoggerFactory]
2024-04-14 18:04:59,004 (main) [INFO - org.apache.sqoop.Sqoop.<init>(Sqoop.java:94)] Running Sqoop version: 1.4.7_arenadata2
2024-04-14 18:04:59,059 (main) [WARN - org.apache.sqoop.tool.BaseSqoopTool.applyCredentialsOptions(BaseSqoopTool.java:1153)] Setting your password on the command-line is insecure. Consider using -P instead.
2024-04-14 18:04:59,129 (main) [INFO - org.apache.sqoop.manager.SqlManager.initOptionDefaults(SqlManager.java:98)] Using default fetchSize of 1000
2024-04-14 18:04:59,404 (main) [INFO - org.apache.sqoop.tool.CodeGenTool.generateORM(CodeGenTool.java:91)] Beginning code generation
2024-04-14 18:04:59,412 (main) [INFO - org.apache.sqoop.manager.SqlManager.execute(SqlManager.java:776)] Executing SQL statement: SELECT t.* FROM "police_dept_incident_reports" AS t LIMIT 1
2024-04-14 18:04:59,450 (main) [INFO - org.apache.sqoop.orm.CompilationManager.findHadoopJars(CompilationManager.java:100)] HADOOP_MAPRED_HOME is /usr/lib/hadoop-mapreduce
2024-04-14 18:05:00,685 (main) [INFO - org.apache.sqoop.orm.CompilationManager.jar(CompilationManager.java:362)] Writing jar file: /tmp/sqoop-team1/compile/d1e343a324ba1ce1fa44b9a1050922d9/police_dept_incident_reports.jar
2024-04-14 18:05:00,705 (main) [WARN - org.apache.sqoop.manager.PostgresqlManager.importTable(PostgresqlManager.java:118)] It looks like you are importing from postgresql.
2024-04-14 18:05:00,705 (main) [WARN - org.apache.sqoop.manager.PostgresqlManager.importTable(PostgresqlManager.java:119)] This transfer can be faster! Use the --direct
2024-04-14 18:05:00,705 (main) [WARN - org.apache.sqoop.manager.PostgresqlManager.importTable(PostgresqlManager.java:120)] option to exercise a postgresql-specific fast path.
2024-04-14 18:05:00,713 (main) [INFO - org.apache.sqoop.mapreduce.ImportJobBase.runImport(ImportJobBase.java:241)] Beginning import of police_dept_incident_reports
2024-04-14 18:05:00,713 (main) [INFO - org.apache.hadoop.conf.Configuration.logDeprecation(Configuration.java:1395)] mapred.job.tracker is deprecated. Instead, use mapreduce.jobtracker.address
2024-04-14 18:05:00,810 (main) [INFO - org.apache.hadoop.conf.Configuration.logDeprecation(Configuration.java:1395)] mapred.jar is deprecated. Instead, use mapreduce.job.jar
2024-04-14 18:05:01,283 (main) [INFO - org.apache.sqoop.manager.SqlManager.execute(SqlManager.java:776)] Executing SQL statement: SELECT t.* FROM "police_dept_incident_reports" AS t LIMIT 1
2024-04-14 18:05:01,288 (main) [INFO - org.apache.sqoop.manager.SqlManager.execute(SqlManager.java:776)] Executing SQL statement: SELECT t.* FROM "police_dept_incident_reports" AS t LIMIT 1
2024-04-14 18:05:01,373 (main) [INFO - org.apache.sqoop.mapreduce.DataDrivenImportJob.writeAvroSchema(DataDrivenImportJob.java:138)] Writing Avro schema file: /tmp/sqoop-team1/compile/d1e343a324ba1ce1fa44b9a1050922d9/police_dept_incident_reports.avsc
2024-04-14 18:05:01,407 (main) [INFO - org.apache.hadoop.conf.Configuration.logDeprecation(Configuration.java:1395)] mapred.map.tasks is deprecated. Instead, use mapreduce.job.maps
2024-04-14 18:05:01,696 (main) [INFO - org.apache.hadoop.yarn.client.RMProxy.newProxyInstance(RMProxy.java:134)] Connecting to ResourceManager at hadoop-03.uni.innopolis.ru/10.100.30.59:8032
2024-04-14 18:05:01,826 (main) [INFO - org.apache.hadoop.yarn.client.AHSProxy.createAHSProxy(AHSProxy.java:42)] Connecting to Application History server at hadoop-04.uni.innopolis.ru/10.100.30.60:10200
2024-04-14 18:05:01,977 (main) [INFO - org.apache.hadoop.mapreduce.JobResourceUploader.disableErasureCodingForPath(JobResourceUploader.java:906)] Disabling Erasure Coding for path: /user/team1/.staging/job_1712530286381_0577
2024-04-14 18:05:02,890 (main) [INFO - org.apache.sqoop.mapreduce.db.DBInputFormat.setTxIsolation(DBInputFormat.java:192)] Using read commited transaction isolation
2024-04-14 18:05:02,926 (main) [INFO - org.apache.hadoop.mapreduce.JobSubmitter.submitJobInternal(JobSubmitter.java:202)] number of splits:1
2024-04-14 18:05:03,008 (main) [INFO - org.apache.hadoop.mapreduce.JobSubmitter.printTokens(JobSubmitter.java:298)] Submitting tokens for job: job_1712530286381_0577
2024-04-14 18:05:03,009 (main) [INFO - org.apache.hadoop.mapreduce.JobSubmitter.printTokens(JobSubmitter.java:299)] Executing with tokens: []
2024-04-14 18:05:03,161 (main) [INFO - org.apache.hadoop.conf.Configuration.getConfResourceAsInputStream(Configuration.java:2793)] resource-types.xml not found
2024-04-14 18:05:03,162 (main) [INFO - org.apache.hadoop.yarn.util.resource.ResourceUtils.addResourcesFileToConf(ResourceUtils.java:442)] Unable to find 'resource-types.xml'.
2024-04-14 18:05:03,209 (main) [INFO - org.apache.hadoop.yarn.client.api.impl.YarnClientImpl.submitApplication(YarnClientImpl.java:329)] Submitted application application_1712530286381_0577
2024-04-14 18:05:03,233 (main) [INFO - org.apache.hadoop.mapreduce.Job.submit(Job.java:1569)] The url to track the job: http://hadoop-03.uni.innopolis.ru:8088/proxy/application_1712530286381_0577/
2024-04-14 18:05:03,234 (main) [INFO - org.apache.hadoop.mapreduce.Job.monitorAndPrintJob(Job.java:1614)] Running job: job_1712530286381_0577
2024-04-14 18:45:52,169 (main) [INFO - org.apache.hadoop.mapreduce.Job.monitorAndPrintJob(Job.java:1635)] Job job_1712530286381_0577 running in uber mode : false
2024-04-14 18:45:52,170 (main) [INFO - org.apache.hadoop.mapreduce.Job.monitorAndPrintJob(Job.java:1642)]  map 0% reduce 0%
2024-04-14 18:45:59,214 (main) [INFO - org.apache.hadoop.mapreduce.Job.monitorAndPrintJob(Job.java:1642)]  map 100% reduce 0%
2024-04-14 18:45:59,221 (main) [INFO - org.apache.hadoop.mapreduce.Job.monitorAndPrintJob(Job.java:1653)] Job job_1712530286381_0577 completed successfully
2024-04-14 18:45:59,288 (main) [INFO - org.apache.hadoop.mapreduce.Job.monitorAndPrintJob(Job.java:1660)] Counters: 33
	File System Counters
		FILE: Number of bytes read=0
		FILE: Number of bytes written=258456
		FILE: Number of read operations=0
		FILE: Number of large read operations=0
		FILE: Number of write operations=0
		HDFS: Number of bytes read=85
		HDFS: Number of bytes written=11521293
		HDFS: Number of read operations=6
		HDFS: Number of large read operations=0
		HDFS: Number of write operations=3
		HDFS: Number of bytes read erasure-coded=0
	Job Counters 
		Launched map tasks=1
		Other local map tasks=1
		Total time spent by all maps in occupied slots (ms)=5152
		Total time spent by all reduces in occupied slots (ms)=0
		Total time spent by all map tasks (ms)=5152
		Total vcore-milliseconds taken by all map tasks=5152
		Total megabyte-milliseconds taken by all map tasks=5275648
	Map-Reduce Framework
		Map input records=100000
		Map output records=100000
		Input split bytes=85
		Spilled Records=0
		Failed Shuffles=0
		Merged Map outputs=0
		GC time elapsed (ms)=94
		CPU time spent (ms)=7080
		Physical memory (bytes) snapshot=455819264
		Virtual memory (bytes) snapshot=2855604224
		Total committed heap usage (bytes)=382730240
		Peak Map Physical memory (bytes)=455819264
		Peak Map Virtual memory (bytes)=2855604224
	File Input Format Counters 
		Bytes Read=0
	File Output Format Counters 
		Bytes Written=11521293
2024-04-14 18:45:59,293 (main) [INFO - org.apache.sqoop.mapreduce.ImportJobBase.runJob(ImportJobBase.java:190)] Transferred 10.9876 MB in 2,457.8766 seconds (4.5776 KB/sec)
2024-04-14 18:45:59,296 (main) [INFO - org.apache.sqoop.mapreduce.ImportJobBase.runJob(ImportJobBase.java:192)] Retrieved 100000 records.
